<?xml version="1.0" encoding="UTF-8"?>
<coverage generated="1714193576142" clover="3.2.0">
  <project timestamp="1714193576142" name="All files">
    <metrics statements="53" coveredstatements="48" conditionals="15" coveredconditionals="13" methods="13" coveredmethods="13" elements="81" coveredelements="74" complexity="0" loc="53" ncloc="53" packages="1" files="5" classes="5"/>
    <file name="formHistoryPull.js" path="C:\Users\Dinh\Wellspringoil\group75\test\formHistoryPull.js">
      <metrics statements="4" coveredstatements="4" conditionals="0" coveredconditionals="0" methods="1" coveredmethods="1"/>
      <line num="2" count="1" type="stmt"/>
      <line num="3" count="1" type="stmt"/>
      <line num="4" count="1" type="stmt"/>
      <line num="14" count="1" type="stmt"/>
    </file>
    <file name="fuelForm.js" path="C:\Users\Dinh\Wellspringoil\group75\test\fuelForm.js">
      <metrics statements="13" coveredstatements="9" conditionals="2" coveredconditionals="1" methods="2" coveredmethods="2"/>
      <line num="1" count="1" type="stmt"/>
      <line num="4" count="1" type="stmt"/>
      <line num="8" count="1" type="stmt"/>
      <line num="9" count="1" type="stmt"/>
      <line num="18" count="0" type="stmt"/>
      <line num="19" count="0" type="stmt"/>
      <line num="31" count="1" type="stmt"/>
      <line num="34" count="1" type="stmt"/>
      <line num="35" count="1" type="cond" truecount="1" falsecount="1"/>
      <line num="37" count="1" type="stmt"/>
      <line num="40" count="0" type="stmt"/>
      <line num="41" count="0" type="stmt"/>
      <line num="72" count="1" type="stmt"/>
    </file>
    <file name="login.js" path="C:\Users\Dinh\Wellspringoil\group75\test\login.js">
      <metrics statements="4" coveredstatements="4" conditionals="0" coveredconditionals="0" methods="1" coveredmethods="1"/>
      <line num="3" count="1" type="stmt"/>
      <line num="6" count="1" type="stmt"/>
      <line num="7" count="1" type="stmt"/>
      <line num="18" count="1" type="stmt"/>
    </file>
    <file name="profile.js" path="C:\Users\Dinh\Wellspringoil\group75\test\profile.js">
      <metrics statements="4" coveredstatements="4" conditionals="0" coveredconditionals="0" methods="1" coveredmethods="1"/>
      <line num="2" count="1" type="stmt"/>
      <line num="3" count="1" type="stmt"/>
      <line num="4" count="1" type="stmt"/>
      <line num="15" count="1" type="stmt"/>
    </file>
    <file name="validation.js" path="C:\Users\Dinh\Wellspringoil\group75\test\validation.js">
      <metrics statements="28" coveredstatements="27" conditionals="13" coveredconditionals="12" methods="8" coveredmethods="8"/>
      <line num="3" count="2" type="stmt"/>
      <line num="4" count="10" type="stmt"/>
      <line num="5" count="10" type="cond" truecount="6" falsecount="0"/>
      <line num="6" count="1" type="stmt"/>
      <line num="8" count="1" type="stmt"/>
      <line num="12" count="2" type="stmt"/>
      <line num="13" count="2" type="stmt"/>
      <line num="16" count="2" type="stmt"/>
      <line num="17" count="2" type="stmt"/>
      <line num="20" count="2" type="stmt"/>
      <line num="21" count="14" type="cond" truecount="2" falsecount="0"/>
      <line num="22" count="1" type="stmt"/>
      <line num="26" count="1" type="stmt"/>
      <line num="27" count="1" type="stmt"/>
      <line num="28" count="1" type="stmt"/>
      <line num="40" count="1" type="stmt"/>
      <line num="41" count="1" type="stmt"/>
      <line num="45" count="1" type="cond" truecount="4" falsecount="1"/>
      <line num="49" count="1" type="stmt"/>
      <line num="50" count="1" type="stmt"/>
      <line num="66" count="1" type="stmt"/>
      <line num="68" count="1" type="stmt"/>
      <line num="70" count="1" type="stmt"/>
      <line num="77" count="0" type="stmt"/>
      <line num="85" count="1" type="stmt"/>
      <line num="93" count="1" type="stmt"/>
      <line num="94" count="1" type="stmt"/>
      <line num="105" count="1" type="stmt"/>
    </file>
  </project>
</coverage>
