{"C:\\Users\\Dinh\\Group75\\group75\\test\\formHistoryPull.js": {"path":"C:\\Users\\Dinh\\Group75\\group75\\test\\formHistoryPull.js","statementMap":{"0":{"start":{"line":2,"column":4},"end":{"line":2,"column":15}},"1":{"start":{"line":3,"column":4},"end":{"line":11,"column":5}},"2":{"start":{"line":4,"column":25},"end":{"line":7,"column":10}},"3":{"start":{"line":14,"column":0},"end":{"line":14,"column":28}}},"fnMap":{"0":{"name":"pullHistory","decl":{"start":{"line":1,"column":15},"end":{"line":1,"column":26}},"loc":{"start":{"line":1,"column":37},"end":{"line":12,"column":1}},"line":1}},"branchMap":{},"s":{"0":1,"1":1,"2":1,"3":1},"f":{"0":1},"b":{},"_coverageSchema":"1a1c01bbd47fc00a2c39e90264f33305004495a9","hash":"3d912e0cdedaf5064988f119709958b44026ecd1"}
,"C:\\Users\\Dinh\\Group75\\group75\\test\\login.js": {"path":"C:\\Users\\Dinh\\Group75\\group75\\test\\login.js","statementMap":{"0":{"start":{"line":3,"column":4},"end":{"line":3,"column":15}},"1":{"start":{"line":6,"column":8},"end":{"line":14,"column":9}},"2":{"start":{"line":7,"column":29},"end":{"line":10,"column":14}},"3":{"start":{"line":18,"column":0},"end":{"line":18,"column":29}}},"fnMap":{"0":{"name":"confirmInput","decl":{"start":{"line":2,"column":15},"end":{"line":2,"column":27}},"loc":{"start":{"line":2,"column":38},"end":{"line":16,"column":1}},"line":2}},"branchMap":{},"s":{"0":1,"1":1,"2":1,"3":1},"f":{"0":1},"b":{},"_coverageSchema":"1a1c01bbd47fc00a2c39e90264f33305004495a9","hash":"348e4f62584c70132b5ff3f9e77c2aa3eccb7175"}
,"C:\\Users\\Dinh\\Group75\\group75\\test\\validation.js": {"path":"C:\\Users\\Dinh\\Group75\\group75\\test\\validation.js","statementMap":{"0":{"start":{"line":3,"column":4},"end":{"line":7,"column":5}},"1":{"start":{"line":3,"column":17},"end":{"line":3,"column":18}},"2":{"start":{"line":4,"column":16},"end":{"line":4,"column":34}},"3":{"start":{"line":5,"column":8},"end":{"line":6,"column":24}},"4":{"start":{"line":6,"column":12},"end":{"line":6,"column":24}},"5":{"start":{"line":8,"column":4},"end":{"line":8,"column":17}},"6":{"start":{"line":12,"column":25},"end":{"line":12,"column":66}},"7":{"start":{"line":13,"column":4},"end":{"line":13,"column":34}},"8":{"start":{"line":16,"column":25},"end":{"line":16,"column":76}},"9":{"start":{"line":17,"column":4},"end":{"line":17,"column":34}},"10":{"start":{"line":20,"column":4},"end":{"line":21,"column":37}},"11":{"start":{"line":20,"column":17},"end":{"line":20,"column":18}},"12":{"start":{"line":21,"column":8},"end":{"line":21,"column":37}},"13":{"start":{"line":21,"column":25},"end":{"line":21,"column":37}},"14":{"start":{"line":22,"column":4},"end":{"line":22,"column":17}},"15":{"start":{"line":26,"column":4},"end":{"line":26,"column":15}},"16":{"start":{"line":27,"column":8},"end":{"line":35,"column":9}},"17":{"start":{"line":28,"column":29},"end":{"line":31,"column":14}},"18":{"start":{"line":40,"column":4},"end":{"line":40,"column":15}},"19":{"start":{"line":41,"column":4},"end":{"line":62,"column":5}},"20":{"start":{"line":45,"column":8},"end":{"line":59,"column":9}},"21":{"start":{"line":49,"column":16},"end":{"line":58,"column":17}},"22":{"start":{"line":50,"column":37},"end":{"line":54,"column":22}},"23":{"start":{"line":66,"column":4},"end":{"line":66,"column":14}},"24":{"start":{"line":68,"column":4},"end":{"line":81,"column":19}},"25":{"start":{"line":70,"column":25},"end":{"line":73,"column":10}},"26":{"start":{"line":77,"column":26},"end":{"line":80,"column":10}},"27":{"start":{"line":83,"column":0},"end":{"line":83,"column":141}}},"fnMap":{"0":{"name":"containsChar","decl":{"start":{"line":2,"column":9},"end":{"line":2,"column":21}},"loc":{"start":{"line":2,"column":25},"end":{"line":9,"column":1}},"line":2},"1":{"name":"containsSpecialChars","decl":{"start":{"line":11,"column":9},"end":{"line":11,"column":29}},"loc":{"start":{"line":11,"column":35},"end":{"line":14,"column":1}},"line":11},"2":{"name":"containsSpecialCharsNumbers","decl":{"start":{"line":15,"column":9},"end":{"line":15,"column":36}},"loc":{"start":{"line":15,"column":42},"end":{"line":18,"column":1}},"line":15},"3":{"name":"containsSpace","decl":{"start":{"line":19,"column":9},"end":{"line":19,"column":22}},"loc":{"start":{"line":19,"column":25},"end":{"line":23,"column":1}},"line":19},"4":{"name":"UserNameExist","decl":{"start":{"line":25,"column":15},"end":{"line":25,"column":28}},"loc":{"start":{"line":25,"column":45},"end":{"line":37,"column":1}},"line":25},"5":{"name":"checkValidsUserPwd","decl":{"start":{"line":39,"column":15},"end":{"line":39,"column":33}},"loc":{"start":{"line":39,"column":72},"end":{"line":63,"column":1}},"line":39},"6":{"name":"resetPw","decl":{"start":{"line":65,"column":15},"end":{"line":65,"column":22}},"loc":{"start":{"line":65,"column":33},"end":{"line":82,"column":1}},"line":65}},"branchMap":{"0":{"loc":{"start":{"line":5,"column":8},"end":{"line":6,"column":24}},"type":"if","locations":[{"start":{"line":5,"column":8},"end":{"line":6,"column":24}},{"start":{},"end":{}}],"line":5},"1":{"loc":{"start":{"line":5,"column":12},"end":{"line":5,"column":57}},"type":"binary-expr","locations":[{"start":{"line":5,"column":13},"end":{"line":5,"column":20}},{"start":{"line":5,"column":24},"end":{"line":5,"column":31}},{"start":{"line":5,"column":37},"end":{"line":5,"column":44}},{"start":{"line":5,"column":48},"end":{"line":5,"column":56}}],"line":5},"2":{"loc":{"start":{"line":21,"column":8},"end":{"line":21,"column":37}},"type":"if","locations":[{"start":{"line":21,"column":8},"end":{"line":21,"column":37}},{"start":{},"end":{}}],"line":21},"3":{"loc":{"start":{"line":45,"column":8},"end":{"line":59,"column":9}},"type":"if","locations":[{"start":{"line":45,"column":8},"end":{"line":59,"column":9}},{"start":{"line":47,"column":12},"end":{"line":59,"column":9}}],"line":45},"4":{"loc":{"start":{"line":45,"column":12},"end":{"line":45,"column":61}},"type":"binary-expr","locations":[{"start":{"line":45,"column":12},"end":{"line":45,"column":26}},{"start":{"line":45,"column":30},"end":{"line":45,"column":44}},{"start":{"line":45,"column":48},"end":{"line":45,"column":61}}],"line":45}},"s":{"0":2,"1":2,"2":10,"3":10,"4":1,"5":1,"6":2,"7":2,"8":2,"9":2,"10":2,"11":2,"12":14,"13":1,"14":1,"15":1,"16":1,"17":1,"18":1,"19":1,"20":1,"21":1,"22":1,"23":1,"24":1,"25":1,"26":0,"27":1},"f":{"0":2,"1":2,"2":2,"3":2,"4":1,"5":1,"6":1},"b":{"0":[1,9],"1":[10,2,10,1],"2":[1,13],"3":[0,1],"4":[1,1,1]},"_coverageSchema":"1a1c01bbd47fc00a2c39e90264f33305004495a9","hash":"b654d41431e0627a1475f28cee8aba311ec2f368"}
}
