TN:
SF:test\formHistoryPull.js
FN:1,pullHistory
FNF:1
FNH:1
FNDA:1,pullHistory
DA:2,1
DA:3,1
DA:4,1
DA:14,1
LF:4
LH:4
BRF:0
BRH:0
end_of_record
TN:
SF:test\fuelForm.js
FN:3,calPricePerGallon
FN:30,submitForm
FNF:2
FNH:2
FNDA:1,calPricePerGallon
FNDA:1,submitForm
DA:1,1
DA:4,1
DA:8,1
DA:9,1
DA:18,0
DA:19,0
DA:31,1
DA:34,1
DA:35,1
DA:37,1
DA:40,0
DA:41,0
DA:72,1
LF:13
LH:9
BRDA:35,0,0,1
BRDA:35,0,1,0
BRF:2
BRH:1
end_of_record
TN:
SF:test\login.js
FN:2,confirmInput
FNF:1
FNH:1
FNDA:1,confirmInput
DA:3,1
DA:6,1
DA:7,1
DA:18,1
LF:4
LH:4
BRF:0
BRH:0
end_of_record
TN:
SF:test\profile.js
FN:1,printProfile
FNF:1
FNH:1
FNDA:1,printProfile
DA:2,1
DA:3,1
DA:4,1
DA:15,1
LF:4
LH:4
BRF:0
BRH:0
end_of_record
TN:
SF:test\validation.js
FN:2,containsChar
FN:11,containsSpecialChars
FN:15,containsSpecialCharsNumbers
FN:19,containsSpace
FN:25,UserNameExist
FN:39,checkValidsUserPwd
FN:65,resetPw
FN:84,checkZip
FNF:8
FNH:8
FNDA:2,containsChar
FNDA:2,containsSpecialChars
FNDA:2,containsSpecialCharsNumbers
FNDA:2,containsSpace
FNDA:1,UserNameExist
FNDA:1,checkValidsUserPwd
FNDA:1,resetPw
FNDA:1,checkZip
DA:3,2
DA:4,10
DA:5,10
DA:6,1
DA:8,1
DA:12,2
DA:13,2
DA:16,2
DA:17,2
DA:20,2
DA:21,14
DA:22,1
DA:26,1
DA:27,1
DA:28,1
DA:40,1
DA:41,1
DA:45,1
DA:49,1
DA:50,1
DA:66,1
DA:68,1
DA:70,1
DA:77,0
DA:85,1
DA:93,1
DA:94,1
DA:105,1
LF:28
LH:27
BRDA:5,0,0,1
BRDA:5,0,1,9
BRDA:5,1,0,10
BRDA:5,1,1,2
BRDA:5,1,2,10
BRDA:5,1,3,1
BRDA:21,2,0,1
BRDA:21,2,1,13
BRDA:45,3,0,0
BRDA:45,3,1,1
BRDA:45,4,0,1
BRDA:45,4,1,1
BRDA:45,4,2,1
BRF:13
BRH:12
end_of_record
